Performing C SOURCE FILE Test CMAKE_HAVE_LIBC_PTHREAD failed with the following output:
Change Dir: /home/kamil/github/build/CMakeFiles/CMakeTmp

Run Build Command(s):/usr/bin/make cmTC_2eb41/fast && /usr/bin/make -f CMakeFiles/cmTC_2eb41.dir/build.make CMakeFiles/cmTC_2eb41.dir/build
make[1]: Wejście do katalogu '/home/kamil/github/build/CMakeFiles/CMakeTmp'
Building C object CMakeFiles/cmTC_2eb41.dir/src.c.o
/usr/bin/cc   -DCMAKE_HAVE_LIBC_PTHREAD   -o CMakeFiles/cmTC_2eb41.dir/src.c.o   -c /home/kamil/github/build/CMakeFiles/CMakeTmp/src.c
Linking C executable cmTC_2eb41
/usr/bin/cmake -E cmake_link_script CMakeFiles/cmTC_2eb41.dir/link.txt --verbose=1
/usr/bin/cc  -DCMAKE_HAVE_LIBC_PTHREAD    CMakeFiles/cmTC_2eb41.dir/src.c.o  -o cmTC_2eb41 
/home/linuxbrew/.linuxbrew/bin/ld: CMakeFiles/cmTC_2eb41.dir/src.c.o: in function `main':
src.c:(.text+0x46): undefined reference to `pthread_create'
/home/linuxbrew/.linuxbrew/bin/ld: src.c:(.text+0x52): undefined reference to `pthread_detach'
/home/linuxbrew/.linuxbrew/bin/ld: src.c:(.text+0x63): undefined reference to `pthread_join'
collect2: error: ld returned 1 exit status
make[1]: *** [CMakeFiles/cmTC_2eb41.dir/build.make:87: cmTC_2eb41] Błąd 1
make[1]: Opuszczenie katalogu '/home/kamil/github/build/CMakeFiles/CMakeTmp'
make: *** [Makefile:121: cmTC_2eb41/fast] Błąd 2


Source file was:
#include <pthread.h>

void* test_func(void* data)
{
  return data;
}

int main(void)
{
  pthread_t thread;
  pthread_create(&thread, NULL, test_func, NULL);
  pthread_detach(thread);
  pthread_join(thread, NULL);
  pthread_atfork(NULL, NULL, NULL);
  pthread_exit(NULL);

  return 0;
}

